# JRE version: Java(TM) SE Runtime Environment (17.0.1+12) (build 17.0.1+12-LTS-39)
# Java VM: Java HotSpot(TM) 64-Bit Server VM (17.0.1+12-LTS-39, mixed mode, emulated-client, sharing, tiered, compressed oops, compressed class ptrs, g1 gc, windows-amd64)
GC Precious Log:
 CPUs: 4 total, 4 available
 Memory: 20346M
 Large Page Support: Disabled
 NUMA Support: Disabled
 Compressed Oops: Enabled (Zero based)
 Heap Region Size: 4M
 Heap Min Capacity: 8M
 Heap Initial Capacity: 320M
 Heap Max Capacity: 5088M
 Pre-touch: Disabled
 Parallel Workers: 4
 Concurrent Workers: 1
 Concurrent Refinement Workers: 4
 Periodic GC: Disabled
Heap:
 garbage-first heap   total 327680K, used 13283K [0x00000006c2000000, 0x0000000800000000)
  region size 4096K, 2 young (8192K), 2 survivors (8192K)
 Metaspace       used 21208K, committed 21504K, reserved 1073152K
  class space    used 2930K, committed 3072K, reserved 1048576K
GC Heap History (9 events):
Event: 0.789 GC heap before
{Heap before GC invocations=0 (full 0):
 garbage-first heap   total 327680K, used 12288K [0x00000006c2000000, 0x0000000800000000)
  region size 4096K, 4 young (16384K), 0 survivors (0K)
 Metaspace       used 5339K, committed 5568K, reserved 1056768K
  class space    used 637K, committed 768K, reserved 1048576K
}
Event: 0.797 GC heap after
{Heap after GC invocations=1 (full 0):
 garbage-first heap   total 327680K, used 6638K [0x00000006c2000000, 0x0000000800000000)
  region size 4096K, 1 young (4096K), 1 survivors (4096K)
 Metaspace       used 5339K, committed 5568K, reserved 1056768K
  class space    used 637K, committed 768K, reserved 1048576K
}
Event: 1.022 GC heap before
{Heap before GC invocations=1 (full 0):
 garbage-first heap   total 327680K, used 18926K [0x00000006c2000000, 0x0000000800000000)
  region size 4096K, 4 young (16384K), 1 survivors (4096K)
 Metaspace       used 7952K, committed 8128K, reserved 1056768K
  class space    used 1012K, committed 1088K, reserved 1048576K
}
Event: 1.025 GC heap after
{Heap after GC invocations=2 (full 0):
 garbage-first heap   total 327680K, used 7842K [0x00000006c2000000, 0x0000000800000000)
  region size 4096K, 1 young (4096K), 1 survivors (4096K)
 Metaspace       used 7952K, committed 8128K, reserved 1056768K
  class space    used 1012K, committed 1088K, reserved 1048576K
}
Event: 1.303 GC heap before
{Heap before GC invocations=2 (full 0):
 garbage-first heap   total 327680K, used 28322K [0x00000006c2000000, 0x0000000800000000)
  region size 4096K, 6 young (24576K), 1 survivors (4096K)
 Metaspace       used 12402K, committed 12672K, reserved 1064960K
  class space    used 1670K, committed 1792K, reserved 1048576K
}
Event: 1.307 GC heap after
{Heap after GC invocations=3 (full 0):
 garbage-first heap   total 327680K, used 9418K [0x00000006c2000000, 0x0000000800000000)
  region size 4096K, 1 young (4096K), 1 survivors (4096K)
 Metaspace       used 12402K, committed 12672K, reserved 1064960K
  class space    used 1670K, committed 1792K, reserved 1048576K
}
Event: 1.523 GC heap before
{Heap before GC invocations=3 (full 0):
 garbage-first heap   total 327680K, used 66762K [0x00000006c2000000, 0x0000000800000000)
  region size 4096K, 16 young (65536K), 1 survivors (4096K)
 Metaspace       used 17465K, committed 17728K, reserved 1064960K
  class space    used 2365K, committed 2496K, reserved 1048576K
}
Event: 1.526 GC heap after
{Heap after GC invocations=4 (full 0):
 garbage-first heap   total 327680K, used 11037K [0x00000006c2000000, 0x0000000800000000)
  region size 4096K, 2 young (8192K), 2 survivors (8192K)
 Metaspace       used 17465K, committed 17728K, reserved 1064960K
  class space    used 2365K, committed 2496K, reserved 1048576K
}
Event: 1.946 GC heap before
{Heap before GC invocations=4 (full 0):
 garbage-first heap   total 327680K, used 47901K [0x00000006c2000000, 0x0000000800000000)
  region size 4096K, 12 young (49152K), 2 survivors (8192K)
 Metaspace       used 21208K, committed 21504K, reserved 1073152K
  class space    used 2930K, committed 3072K, reserved 1048576K
}

