# JRE version: Java(TM) SE Runtime Environment (17.0.1+12) (build 17.0.1+12-LTS-39)
# Java VM: Java HotSpot(TM) 64-Bit Server VM (17.0.1+12-LTS-39, mixed mode, emulated-client, sharing, tiered, compressed oops, compressed class ptrs, g1 gc, windows-amd64)
GC Precious Log:
 CPUs: 4 total, 4 available
 Memory: 20346M
 Large Page Support: Disabled
 NUMA Support: Disabled
 Compressed Oops: Enabled (Zero based)
 Heap Region Size: 4M
 Heap Min Capacity: 8M
 Heap Initial Capacity: 320M
 Heap Max Capacity: 5088M
 Pre-touch: Disabled
 Parallel Workers: 4
 Concurrent Workers: 1
 Concurrent Refinement Workers: 4
 Periodic GC: Disabled
Heap:
 garbage-first heap   total 69632K, used 31844K [0x00000006c2000000, 0x0000000800000000)
  region size 4096K, 3 young (12288K), 1 survivors (4096K)
 Metaspace       used 57021K, committed 57472K, reserved 1105920K
  class space    used 7705K, committed 7936K, reserved 1048576K
GC Heap History (20 events):
Event: 4.816 GC heap before
{Heap before GC invocations=3 (full 0):
 garbage-first heap   total 327680K, used 103439K [0x00000006c2000000, 0x0000000800000000)
  region size 4096K, 26 young (106496K), 1 survivors (4096K)
 Metaspace       used 21207K, committed 21504K, reserved 1073152K
  class space    used 2930K, committed 3072K, reserved 1048576K
}
Event: 4.822 GC heap after
{Heap after GC invocations=4 (full 0):
 garbage-first heap   total 327680K, used 13076K [0x00000006c2000000, 0x0000000800000000)
  region size 4096K, 2 young (8192K), 2 survivors (8192K)
 Metaspace       used 21207K, committed 21504K, reserved 1073152K
  class space    used 2930K, committed 3072K, reserved 1048576K
}
Event: 6.065 GC heap before
{Heap before GC invocations=5 (full 0):
 garbage-first heap   total 69632K, used 45844K [0x00000006c2000000, 0x0000000800000000)
  region size 4096K, 10 young (40960K), 2 survivors (8192K)
 Metaspace       used 25811K, committed 26176K, reserved 1073152K
  class space    used 3582K, committed 3712K, reserved 1048576K
}
Event: 6.076 GC heap after
{Heap after GC invocations=6 (full 0):
 garbage-first heap   total 69632K, used 15838K [0x00000006c2000000, 0x0000000800000000)
  region size 4096K, 2 young (8192K), 2 survivors (8192K)
 Metaspace       used 25811K, committed 26176K, reserved 1073152K
  class space    used 3582K, committed 3712K, reserved 1048576K
}
Event: 6.078 GC heap before
{Heap before GC invocations=6 (full 0):
 garbage-first heap   total 69632K, used 15838K [0x00000006c2000000, 0x0000000800000000)
  region size 4096K, 3 young (12288K), 2 survivors (8192K)
 Metaspace       used 25811K, committed 26176K, reserved 1073152K
  class space    used 3582K, committed 3712K, reserved 1048576K
}
Event: 6.091 GC heap after
{Heap after GC invocations=7 (full 0):
 garbage-first heap   total 69632K, used 16162K [0x00000006c2000000, 0x0000000800000000)
  region size 4096K, 1 young (4096K), 1 survivors (4096K)
 Metaspace       used 25811K, committed 26176K, reserved 1073152K
  class space    used 3582K, committed 3712K, reserved 1048576K
}
Event: 6.101 GC heap before
{Heap before GC invocations=7 (full 0):
 garbage-first heap   total 69632K, used 36642K [0x00000006c2000000, 0x0000000800000000)
  region size 4096K, 7 young (28672K), 1 survivors (4096K)
 Metaspace       used 25811K, committed 26176K, reserved 1073152K
  class space    used 3582K, committed 3712K, reserved 1048576K
}
Event: 6.101 GC heap after
{Heap after GC invocations=8 (full 0):
 garbage-first heap   total 69632K, used 15614K [0x00000006c2000000, 0x0000000800000000)
  region size 4096K, 1 young (4096K), 1 survivors (4096K)
 Metaspace       used 25811K, committed 26176K, reserved 1073152K
  class space    used 3582K, committed 3712K, reserved 1048576K
}
Event: 6.988 GC heap before
{Heap before GC invocations=8 (full 0):
 garbage-first heap   total 69632K, used 40190K [0x00000006c2000000, 0x0000000800000000)
  region size 4096K, 8 young (32768K), 1 survivors (4096K)
 Metaspace       used 28053K, committed 28352K, reserved 1081344K
  class space    used 3871K, committed 4032K, reserved 1048576K
}
Event: 6.992 GC heap after
{Heap after GC invocations=9 (full 0):
 garbage-first heap   total 69632K, used 16923K [0x00000006c2000000, 0x0000000800000000)
  region size 4096K, 1 young (4096K), 1 survivors (4096K)
 Metaspace       used 28053K, committed 28352K, reserved 1081344K
  class space    used 3871K, committed 4032K, reserved 1048576K
}
Event: 7.913 GC heap before
{Heap before GC invocations=9 (full 0):
 garbage-first heap   total 69632K, used 45595K [0x00000006c2000000, 0x0000000800000000)
  region size 4096K, 9 young (36864K), 1 survivors (4096K)
 Metaspace       used 35780K, committed 36096K, reserved 1081344K
  class space    used 4768K, committed 4928K, reserved 1048576K
}
Event: 7.917 GC heap after
{Heap after GC invocations=10 (full 0):
 garbage-first heap   total 69632K, used 19569K [0x00000006c2000000, 0x0000000800000000)
  region size 4096K, 1 young (4096K), 1 survivors (4096K)
 Metaspace       used 35780K, committed 36096K, reserved 1081344K
  class space    used 4768K, committed 4928K, reserved 1048576K
}
Event: 8.853 GC heap before
{Heap before GC invocations=11 (full 0):
 garbage-first heap   total 69632K, used 48241K [0x00000006c2000000, 0x0000000800000000)
  region size 4096K, 8 young (32768K), 1 survivors (4096K)
 Metaspace       used 40993K, committed 41344K, reserved 1089536K
  class space    used 5621K, committed 5824K, reserved 1048576K
}
Event: 8.859 GC heap after
{Heap after GC invocations=12 (full 0):
 garbage-first heap   total 69632K, used 20996K [0x00000006c2000000, 0x0000000800000000)
  region size 4096K, 1 young (4096K), 1 survivors (4096K)
 Metaspace       used 40993K, committed 41344K, reserved 1089536K
  class space    used 5621K, committed 5824K, reserved 1048576K
}
Event: 10.036 GC heap before
{Heap before GC invocations=13 (full 0):
 garbage-first heap   total 69632K, used 49668K [0x00000006c2000000, 0x0000000800000000)
  region size 4096K, 8 young (32768K), 1 survivors (4096K)
 Metaspace       used 46656K, committed 46976K, reserved 1089536K
  class space    used 6511K, committed 6656K, reserved 1048576K
}
Event: 10.040 GC heap after
{Heap after GC invocations=14 (full 0):
 garbage-first heap   total 69632K, used 22564K [0x00000006c2000000, 0x0000000800000000)
  region size 4096K, 1 young (4096K), 1 survivors (4096K)
 Metaspace       used 46656K, committed 46976K, reserved 1089536K
  class space    used 6511K, committed 6656K, reserved 1048576K
}
Event: 11.212 GC heap before
{Heap before GC invocations=14 (full 0):
 garbage-first heap   total 69632K, used 51236K [0x00000006c2000000, 0x0000000800000000)
  region size 4096K, 8 young (32768K), 1 survivors (4096K)
 Metaspace       used 50438K, committed 50880K, reserved 1097728K
  class space    used 7051K, committed 7296K, reserved 1048576K
}
Event: 11.217 GC heap after
{Heap after GC invocations=15 (full 0):
 garbage-first heap   total 69632K, used 25170K [0x00000006c2000000, 0x0000000800000000)
  region size 4096K, 1 young (4096K), 1 survivors (4096K)
 Metaspace       used 50438K, committed 50880K, reserved 1097728K
  class space    used 7051K, committed 7296K, reserved 1048576K
}
Event: 13.998 GC heap before
{Heap before GC invocations=15 (full 0):
 garbage-first heap   total 69632K, used 45650K [0x00000006c2000000, 0x0000000800000000)
  region size 4096K, 7 young (28672K), 1 survivors (4096K)
 Metaspace       used 55090K, committed 55552K, reserved 1097728K
  class space    used 7573K, committed 7808K, reserved 1048576K
}
Event: 14.004 GC heap after
{Heap after GC invocations=16 (full 0):
 garbage-first heap   total 69632K, used 27748K [0x00000006c2000000, 0x0000000800000000)
  region size 4096K, 1 young (4096K), 1 survivors (4096K)
 Metaspace       used 55090K, committed 55552K, reserved 1097728K
  class space    used 7573K, committed 7808K, reserved 1048576K
}

